<?xml version="1.0" encoding="UTF-8"?>
<!-- Generated by org.testng.reporters.JUnitXMLReporter -->
<testsuite ignored="0" hostname="LAPTOP-F61FFVH8" failures="0" tests="3" name="Default test" time="43.975" errors="0" timestamp="2026-03-29T17:52:42 IST">
  <testcase classname="tests.PurchaseTest" name="testAddToCart" time="8.385"/>
  <testcase classname="tests.PurchaseTest" name="testAddToCart" time="8.865"/>
  <testcase classname="tests.PurchaseTest" name="testAddToCart" time="8.909"/>
</testsuite> <!-- Default test -->
