<?xml version="1.0" encoding="UTF-8"?>
<testng-results ignored="0" total="2" passed="2" failed="0" skipped="0">
  <reporter-output>
  </reporter-output>
  <suite started-at="2026-04-02T19:26:36 IST" name="Default suite" finished-at="2026-04-02T19:26:45 IST" duration-ms="8907">
    <groups>
    </groups>
    <test started-at="2026-04-02T19:26:36 IST" name="Default test" finished-at="2026-04-02T19:26:45 IST" duration-ms="8907">
      <class name="tests.LoginTest">
        <test-method is-config="true" signature="setup()[pri:0, instance:tests.LoginTest@a1153bc]" started-at="2026-04-02T19:26:36 IST" name="setup" finished-at="2026-04-02T19:26:37 IST" duration-ms="1550" status="PASS">
          <reporter-output>
          </reporter-output>
        </test-method> <!-- setup -->
        <test-method signature="testLogin()[pri:0, instance:tests.LoginTest@a1153bc]" started-at="2026-04-02T19:26:37 IST" name="testLogin" finished-at="2026-04-02T19:26:40 IST" duration-ms="2732" status="PASS">
          <reporter-output>
          </reporter-output>
        </test-method> <!-- testLogin -->
        <test-method is-config="true" signature="tearDown()[pri:0, instance:tests.LoginTest@a1153bc]" started-at="2026-04-02T19:26:40 IST" name="tearDown" finished-at="2026-04-02T19:26:40 IST" duration-ms="228" status="PASS">
          <reporter-output>
          </reporter-output>
        </test-method> <!-- tearDown -->
      </class> <!-- tests.LoginTest -->
      <class name="tests.PurchaseTest">
        <test-method is-config="true" signature="setup()[pri:0, instance:tests.PurchaseTest@34e9fd99]" started-at="2026-04-02T19:26:40 IST" name="setup" finished-at="2026-04-02T19:26:41 IST" duration-ms="1116" status="PASS">
          <reporter-output>
          </reporter-output>
        </test-method> <!-- setup -->
        <test-method signature="testAddToCart()[pri:0, instance:tests.PurchaseTest@34e9fd99]" started-at="2026-04-02T19:26:41 IST" name="testAddToCart" finished-at="2026-04-02T19:26:44 IST" duration-ms="3033" status="PASS">
          <reporter-output>
          </reporter-output>
        </test-method> <!-- testAddToCart -->
        <test-method is-config="true" signature="tearDown()[pri:0, instance:tests.PurchaseTest@34e9fd99]" started-at="2026-04-02T19:26:44 IST" name="tearDown" finished-at="2026-04-02T19:26:45 IST" duration-ms="205" status="PASS">
          <reporter-output>
          </reporter-output>
        </test-method> <!-- tearDown -->
      </class> <!-- tests.PurchaseTest -->
    </test> <!-- Default test -->
  </suite> <!-- Default suite -->
</testng-results>
